2026-03-20 18:36:12,695 | 75424 | [network_manager.py] do_send:365: Send: conn_id=1; proto_id=1001; serial_no=6173; total_len=82;
2026-03-20 18:36:12,695 | 75424 | [network_manager.py] _on_packet:645: Recv: conn_id=1; proto_id=1001; serial_no=6173; data_len=66; msg=;
2026-03-20 18:36:12,695 | 75424 | [open_context_base.py] _send_init_connect_sync:311: InitConnect ok: conn_id=1, host=127.0.0.1, port=11111, user_id=73903370
2026-03-20 18:36:12,696 | 75424 | [network_manager.py] do_send:365: Send: conn_id=1; proto_id=2001; serial_no=6174; total_len=55;
2026-03-20 18:36:12,696 | 75424 | [network_manager.py] _on_packet:645: Recv: conn_id=1; proto_id=2001; serial_no=6174; data_len=183; msg=;
2026-03-20 18:36:12,697 | 75424 | [network_manager.py] do_send:365: Send: conn_id=1; proto_id=2008; serial_no=6175; total_len=78;
2026-03-20 18:36:12,697 | 75424 | [network_manager.py] do_send:365: Send: conn_id=1; proto_id=2001; serial_no=6176; total_len=55;
2026-03-20 18:36:12,698 | 75424 | [network_manager.py] _on_packet:645: Recv: conn_id=1; proto_id=2008; serial_no=6175; data_len=6; msg=;
2026-03-20 18:36:12,698 | 75424 | [network_manager.py] _on_packet:645: Recv: conn_id=1; proto_id=2001; serial_no=6176; data_len=183; msg=;
2026-03-20 18:36:12,699 | 75424 | [network_manager.py] do_send:365: Send: conn_id=1; proto_id=2102; serial_no=6177; total_len=68;
2026-03-20 18:36:12,766 | 75424 | [network_manager.py] _on_packet:645: Recv: conn_id=1; proto_id=2102; serial_no=6177; data_len=250; msg=;
2026-03-20 18:36:12,767 | 75424 | [network_manager.py] do_send:365: Send: conn_id=1; proto_id=2001; serial_no=6178; total_len=55;
2026-03-20 18:36:12,767 | 75424 | [network_manager.py] _on_packet:645: Recv: conn_id=1; proto_id=2001; serial_no=6178; data_len=183; msg=;
2026-03-20 18:36:12,768 | 75424 | [network_manager.py] do_send:365: Send: conn_id=1; proto_id=2101; serial_no=6179; total_len=66;
2026-03-20 18:36:12,869 | 75424 | [network_manager.py] _on_packet:645: Recv: conn_id=1; proto_id=2101; serial_no=6179; data_len=367; msg=;
2026-03-20 18:36:12,870 | 75424 | [network_manager.py] do_send:365: Send: conn_id=1; proto_id=2001; serial_no=6180; total_len=55;
2026-03-20 18:36:12,870 | 75424 | [network_manager.py] _on_packet:645: Recv: conn_id=1; proto_id=2001; serial_no=6180; data_len=183; msg=;
2026-03-20 18:36:12,871 | 75424 | [network_manager.py] do_send:365: Send: conn_id=1; proto_id=2102; serial_no=6181; total_len=68;
2026-03-20 18:36:13,025 | 75424 | [network_manager.py] _on_packet:645: Recv: conn_id=1; proto_id=2102; serial_no=6181; data_len=5177; msg=;
2026-03-20 18:36:13,027 | 75424 | [network_manager.py] do_send:365: Send: conn_id=1; proto_id=2001; serial_no=6182; total_len=55;
2026-03-20 18:36:13,027 | 75424 | [network_manager.py] _on_packet:645: Recv: conn_id=1; proto_id=2001; serial_no=6182; data_len=183; msg=;
2026-03-20 18:36:13,028 | 75424 | [network_manager.py] do_send:365: Send: conn_id=1; proto_id=2101; serial_no=6183; total_len=66;
2026-03-20 18:36:13,144 | 75424 | [network_manager.py] _on_packet:645: Recv: conn_id=1; proto_id=2101; serial_no=6183; data_len=438; msg=;
2026-03-20 18:36:13,145 | 75424 | [network_manager.py] _do_close:453: Close: conn_id=1
2026-03-20 18:36:13,145 | 75424 | [open_context_base.py] on_disconnect:383: Disconnected: conn_id=1
2026-03-20 18:37:06,492 | 47808 | [network_manager.py] do_send:365: Send: conn_id=1; proto_id=1001; serial_no=6227; total_len=82;
2026-03-20 18:37:06,492 | 47808 | [network_manager.py] _on_packet:645: Recv: conn_id=1; proto_id=1001; serial_no=6227; data_len=66; msg=;
2026-03-20 18:37:06,492 | 47808 | [open_context_base.py] _send_init_connect_sync:311: InitConnect ok: conn_id=1, host=127.0.0.1, port=11111, user_id=73903370
2026-03-20 18:37:06,493 | 47808 | [network_manager.py] do_send:365: Send: conn_id=1; proto_id=2001; serial_no=6228; total_len=55;
2026-03-20 18:37:06,493 | 47808 | [network_manager.py] _on_packet:645: Recv: conn_id=1; proto_id=2001; serial_no=6228; data_len=183; msg=;
2026-03-20 18:37:06,494 | 47808 | [network_manager.py] do_send:365: Send: conn_id=1; proto_id=2008; serial_no=6229; total_len=78;
2026-03-20 18:37:06,494 | 47808 | [network_manager.py] do_send:365: Send: conn_id=1; proto_id=2001; serial_no=6230; total_len=55;
2026-03-20 18:37:06,494 | 47808 | [network_manager.py] _on_packet:645: Recv: conn_id=1; proto_id=2008; serial_no=6229; data_len=6; msg=;
2026-03-20 18:37:06,494 | 47808 | [network_manager.py] _on_packet:645: Recv: conn_id=1; proto_id=2001; serial_no=6230; data_len=183; msg=;
2026-03-20 18:37:06,496 | 47808 | [network_manager.py] do_send:365: Send: conn_id=1; proto_id=2102; serial_no=6231; total_len=68;
2026-03-20 18:37:06,570 | 47808 | [network_manager.py] _on_packet:645: Recv: conn_id=1; proto_id=2102; serial_no=6231; data_len=250; msg=;
2026-03-20 18:37:06,571 | 47808 | [network_manager.py] do_send:365: Send: conn_id=1; proto_id=2001; serial_no=6232; total_len=55;
2026-03-20 18:37:06,571 | 47808 | [network_manager.py] _on_packet:645: Recv: conn_id=1; proto_id=2001; serial_no=6232; data_len=183; msg=;
2026-03-20 18:37:06,572 | 47808 | [network_manager.py] do_send:365: Send: conn_id=1; proto_id=2101; serial_no=6233; total_len=66;
2026-03-20 18:37:06,660 | 47808 | [network_manager.py] _on_packet:645: Recv: conn_id=1; proto_id=2101; serial_no=6233; data_len=367; msg=;
2026-03-20 18:37:06,662 | 47808 | [network_manager.py] do_send:365: Send: conn_id=1; proto_id=2001; serial_no=6234; total_len=55;
2026-03-20 18:37:06,662 | 47808 | [network_manager.py] _on_packet:645: Recv: conn_id=1; proto_id=2001; serial_no=6234; data_len=183; msg=;
2026-03-20 18:37:06,663 | 47808 | [network_manager.py] do_send:365: Send: conn_id=1; proto_id=2102; serial_no=6235; total_len=68;
2026-03-20 18:37:06,804 | 47808 | [network_manager.py] _on_packet:645: Recv: conn_id=1; proto_id=2102; serial_no=6235; data_len=5177; msg=;
2026-03-20 18:37:06,806 | 47808 | [network_manager.py] do_send:365: Send: conn_id=1; proto_id=2001; serial_no=6236; total_len=55;
2026-03-20 18:37:06,806 | 47808 | [network_manager.py] _on_packet:645: Recv: conn_id=1; proto_id=2001; serial_no=6236; data_len=183; msg=;
2026-03-20 18:37:06,807 | 47808 | [network_manager.py] do_send:365: Send: conn_id=1; proto_id=2101; serial_no=6237; total_len=66;
2026-03-20 18:37:06,936 | 47808 | [network_manager.py] _on_packet:645: Recv: conn_id=1; proto_id=2101; serial_no=6237; data_len=438; msg=;
2026-03-20 18:37:06,938 | 47808 | [network_manager.py] _do_close:453: Close: conn_id=1
2026-03-20 18:37:06,938 | 47808 | [open_context_base.py] on_disconnect:383: Disconnected: conn_id=1
2026-03-20 18:37:38,473 | 95136 | [network_manager.py] do_send:365: Send: conn_id=1; proto_id=1001; serial_no=6259; total_len=82;
2026-03-20 18:37:38,474 | 95136 | [network_manager.py] _on_packet:645: Recv: conn_id=1; proto_id=1001; serial_no=6259; data_len=66; msg=;
2026-03-20 18:37:38,474 | 95136 | [open_context_base.py] _send_init_connect_sync:311: InitConnect ok: conn_id=1, host=127.0.0.1, port=11111, user_id=73903370
2026-03-20 18:37:38,474 | 95136 | [network_manager.py] do_send:365: Send: conn_id=1; proto_id=2001; serial_no=6260; total_len=55;
2026-03-20 18:37:38,475 | 95136 | [network_manager.py] _on_packet:645: Recv: conn_id=1; proto_id=2001; serial_no=6260; data_len=183; msg=;
2026-03-20 18:37:38,476 | 95136 | [network_manager.py] do_send:365: Send: conn_id=1; proto_id=2008; serial_no=6261; total_len=78;
2026-03-20 18:37:38,476 | 95136 | [network_manager.py] do_send:365: Send: conn_id=1; proto_id=2001; serial_no=6262; total_len=55;
2026-03-20 18:37:38,476 | 95136 | [network_manager.py] _on_packet:645: Recv: conn_id=1; proto_id=2008; serial_no=6261; data_len=6; msg=;
2026-03-20 18:37:38,477 | 95136 | [network_manager.py] _on_packet:645: Recv: conn_id=1; proto_id=2001; serial_no=6262; data_len=183; msg=;
2026-03-20 18:37:38,479 | 95136 | [network_manager.py] do_send:365: Send: conn_id=1; proto_id=2102; serial_no=6263; total_len=68;
2026-03-20 18:37:38,551 | 95136 | [network_manager.py] _on_packet:645: Recv: conn_id=1; proto_id=2102; serial_no=6263; data_len=250; msg=;
2026-03-20 18:37:38,552 | 95136 | [network_manager.py] do_send:365: Send: conn_id=1; proto_id=2001; serial_no=6264; total_len=55;
2026-03-20 18:37:38,552 | 95136 | [network_manager.py] _on_packet:645: Recv: conn_id=1; proto_id=2001; serial_no=6264; data_len=183; msg=;
2026-03-20 18:37:38,553 | 95136 | [network_manager.py] do_send:365: Send: conn_id=1; proto_id=2101; serial_no=6265; total_len=66;
2026-03-20 18:37:38,657 | 95136 | [network_manager.py] _on_packet:645: Recv: conn_id=1; proto_id=2101; serial_no=6265; data_len=367; msg=;
2026-03-20 18:37:38,659 | 95136 | [network_manager.py] do_send:365: Send: conn_id=1; proto_id=2001; serial_no=6266; total_len=55;
2026-03-20 18:37:38,659 | 95136 | [network_manager.py] _on_packet:645: Recv: conn_id=1; proto_id=2001; serial_no=6266; data_len=183; msg=;
2026-03-20 18:37:38,660 | 95136 | [network_manager.py] do_send:365: Send: conn_id=1; proto_id=2102; serial_no=6267; total_len=68;
2026-03-20 18:37:38,797 | 95136 | [network_manager.py] _on_packet:645: Recv: conn_id=1; proto_id=2102; serial_no=6267; data_len=5177; msg=;
2026-03-20 18:37:38,799 | 95136 | [network_manager.py] do_send:365: Send: conn_id=1; proto_id=2001; serial_no=6268; total_len=55;
2026-03-20 18:37:38,800 | 95136 | [network_manager.py] _on_packet:645: Recv: conn_id=1; proto_id=2001; serial_no=6268; data_len=183; msg=;
2026-03-20 18:37:38,801 | 95136 | [network_manager.py] do_send:365: Send: conn_id=1; proto_id=2101; serial_no=6269; total_len=66;
2026-03-20 18:37:38,962 | 95136 | [network_manager.py] _on_packet:645: Recv: conn_id=1; proto_id=2101; serial_no=6269; data_len=438; msg=;
2026-03-20 18:37:38,963 | 95136 | [network_manager.py] _do_close:453: Close: conn_id=1
2026-03-20 18:37:38,964 | 95136 | [open_context_base.py] on_disconnect:383: Disconnected: conn_id=1
2026-03-20 18:38:07,445 | 118640 | [network_manager.py] do_send:365: Send: conn_id=1; proto_id=1001; serial_no=6288; total_len=82;
2026-03-20 18:38:07,445 | 118640 | [network_manager.py] _on_packet:645: Recv: conn_id=1; proto_id=1001; serial_no=6288; data_len=66; msg=;
2026-03-20 18:38:07,445 | 118640 | [open_context_base.py] _send_init_connect_sync:311: InitConnect ok: conn_id=1, host=127.0.0.1, port=11111, user_id=73903370
2026-03-20 18:38:07,445 | 118640 | [network_manager.py] do_send:365: Send: conn_id=1; proto_id=2001; serial_no=6289; total_len=55;
2026-03-20 18:38:07,446 | 118640 | [network_manager.py] _on_packet:645: Recv: conn_id=1; proto_id=2001; serial_no=6289; data_len=183; msg=;
2026-03-20 18:38:07,446 | 118640 | [network_manager.py] do_send:365: Send: conn_id=1; proto_id=2008; serial_no=6290; total_len=78;
2026-03-20 18:38:07,447 | 118640 | [network_manager.py] do_send:365: Send: conn_id=1; proto_id=2001; serial_no=6291; total_len=55;
2026-03-20 18:38:07,447 | 118640 | [network_manager.py] _on_packet:645: Recv: conn_id=1; proto_id=2008; serial_no=6290; data_len=6; msg=;
2026-03-20 18:38:07,447 | 118640 | [network_manager.py] _on_packet:645: Recv: conn_id=1; proto_id=2001; serial_no=6291; data_len=183; msg=;
2026-03-20 18:38:07,448 | 118640 | [network_manager.py] do_send:365: Send: conn_id=1; proto_id=2102; serial_no=6292; total_len=68;
2026-03-20 18:38:07,512 | 118640 | [network_manager.py] _on_packet:645: Recv: conn_id=1; proto_id=2102; serial_no=6292; data_len=250; msg=;
2026-03-20 18:38:07,513 | 118640 | [network_manager.py] do_send:365: Send: conn_id=1; proto_id=2001; serial_no=6293; total_len=55;
2026-03-20 18:38:07,514 | 118640 | [network_manager.py] _on_packet:645: Recv: conn_id=1; proto_id=2001; serial_no=6293; data_len=183; msg=;
2026-03-20 18:38:07,515 | 118640 | [network_manager.py] do_send:365: Send: conn_id=1; proto_id=2101; serial_no=6294; total_len=66;
2026-03-20 18:38:07,591 | 118640 | [network_manager.py] _on_packet:645: Recv: conn_id=1; proto_id=2101; serial_no=6294; data_len=367; msg=;
2026-03-20 18:38:07,592 | 118640 | [network_manager.py] do_send:365: Send: conn_id=1; proto_id=2001; serial_no=6295; total_len=55;
2026-03-20 18:38:07,592 | 118640 | [network_manager.py] _on_packet:645: Recv: conn_id=1; proto_id=2001; serial_no=6295; data_len=183; msg=;
2026-03-20 18:38:07,593 | 118640 | [network_manager.py] do_send:365: Send: conn_id=1; proto_id=2102; serial_no=6296; total_len=68;
2026-03-20 18:38:07,721 | 118640 | [network_manager.py] _on_packet:645: Recv: conn_id=1; proto_id=2102; serial_no=6296; data_len=5177; msg=;
2026-03-20 18:38:07,723 | 118640 | [network_manager.py] do_send:365: Send: conn_id=1; proto_id=2001; serial_no=6297; total_len=55;
2026-03-20 18:38:07,724 | 118640 | [network_manager.py] _on_packet:645: Recv: conn_id=1; proto_id=2001; serial_no=6297; data_len=183; msg=;
2026-03-20 18:38:07,725 | 118640 | [network_manager.py] do_send:365: Send: conn_id=1; proto_id=2101; serial_no=6298; total_len=66;
2026-03-20 18:38:07,897 | 118640 | [network_manager.py] _on_packet:645: Recv: conn_id=1; proto_id=2101; serial_no=6298; data_len=438; msg=;
2026-03-20 18:38:07,898 | 118640 | [network_manager.py] _do_close:453: Close: conn_id=1
2026-03-20 18:38:07,898 | 118640 | [open_context_base.py] on_disconnect:383: Disconnected: conn_id=1
